[debug] [2021-07-20T18:28:21.327Z] ----------------------------------------------------------------------
[debug] [2021-07-20T18:28:21.329Z] Command:       /usr/local/bin/node /usr/local/bin/firebase init
[debug] [2021-07-20T18:28:21.329Z] CLI Version:   9.16.0
[debug] [2021-07-20T18:28:21.329Z] Platform:      linux
[debug] [2021-07-20T18:28:21.330Z] Node Version:  v14.17.3
[debug] [2021-07-20T18:28:21.330Z] Time:          Tue Jul 20 2021 23:58:21 GMT+0530 (India Standard Time)
[debug] [2021-07-20T18:28:21.330Z] ----------------------------------------------------------------------
[debug] 
[debug] [2021-07-20T18:28:21.336Z] > command requires scopes: ["email","openid","https://www.googleapis.com/auth/cloudplatformprojects.readonly","https://www.googleapis.com/auth/firebase","https://www.googleapis.com/auth/cloud-platform"]
[debug] [2021-07-20T18:28:21.336Z] > authorizing via signed-in user (41cool@gmail.com)
[info] 
     ######## #### ########  ######## ########     ###     ######  ########
     ##        ##  ##     ## ##       ##     ##  ##   ##  ##       ##
     ######    ##  ########  ######   ########  #########  ######  ######
     ##        ##  ##    ##  ##       ##     ## ##     ##       ## ##
     ##       #### ##     ## ######## ########  ##     ##  ######  ########

You're about to initialize a Firebase project in this directory:

  /home/shalin/Desktop/job-portal-front

[info] 
=== Project Setup
[info] 
[info] First, let's associate this project directory with a Firebase project.
[info] You can create multiple project aliases by running firebase use --add, 
[info] but for now we'll just set up a default project.
[info] 
[debug] [2021-07-20T18:28:31.531Z] >>> [apiv2][query] GET https://firebase.googleapis.com/v1beta1/projects pageSize=100
[debug] [2021-07-20T18:28:32.199Z] <<< [apiv2][status] GET https://firebase.googleapis.com/v1beta1/projects 200
[debug] [2021-07-20T18:28:32.200Z] <<< [apiv2][body] GET https://firebase.googleapis.com/v1beta1/projects [omitted]
[info] i  Using project job-portal-front (job-portal-front) 
[info] 
=== Hosting Setup
[info] 
[info] Your public directory is the folder (relative to your project directory) that
[info] will contain Hosting assets to be uploaded with firebase deploy. If you
[info] have a build process for your assets, use your build's output directory.
[info] 
[debug] [2021-07-20T18:31:20.220Z] >>> [apiv2][query] GET https://www.gstatic.com/firebasejs/releases.json [none]
[debug] [2021-07-20T18:31:20.389Z] <<< [apiv2][status] GET https://www.gstatic.com/firebasejs/releases.json 200
[debug] [2021-07-20T18:31:20.390Z] <<< [apiv2][body] GET https://www.gstatic.com/firebasejs/releases.json {"current":{"version":"8.7.1","browserURL":"https://www.gstatic.com/firebasejs/8.7.1/firebase.js","packageURL":"https://www.gstatic.com/firebasejs/8.7.1/firebase.tgz"},"live":{"version":"8.7","browserURL":"https://www.gstatic.com/firebasejs/live/8.7/firebase.js","packageURL":"https://www.gstatic.com/firebasejs/live/8.7/firebase.tgz"},"components":{"analytics":"https://www.gstatic.com/firebasejs/8.7.1/firebase-analytics.js","app":"https://www.gstatic.com/firebasejs/8.7.1/firebase-app.js","app-check":"https://www.gstatic.com/firebasejs/8.7.1/firebase-app-check.js","auth":"https://www.gstatic.com/firebasejs/8.7.1/firebase-auth.js","database":"https://www.gstatic.com/firebasejs/8.7.1/firebase-database.js","firestore":"https://www.gstatic.com/firebasejs/8.7.1/firebase-firestore.js","functions":"https://www.gstatic.com/firebasejs/8.7.1/firebase-functions.js","installations":"https://www.gstatic.com/firebasejs/8.7.1/firebase-installations.js","messaging":"https://www.gstatic.com/firebasejs/8.7.1/firebase-messaging.js","storage":"https://www.gstatic.com/firebasejs/8.7.1/firebase-storage.js","performance":"https://www.gstatic.com/firebasejs/8.7.1/firebase-performance.js","remote-config":"https://www.gstatic.com/firebasejs/8.7.1/firebase-remote-config.js","firestore.memory":"https://www.gstatic.com/firebasejs/8.7.1/firebase-firestore.memory.js"}}
[info] i  Skipping write of dist/job-portal-front/index.html 
[info] 
[info] i  Detected a .git folder at /home/shalin/Desktop/job-portal-front 
[info] i  Authorizing with GitHub to upload your service account to a GitHub repository's secrets store. 
[info] 
[info] Visit this URL on this device to log in:
[info] https://github.com/login/oauth/authorize?client_id=89cf50f02ac6aaed3484&state=798209464&redirect_uri=http%3A%2F%2Flocalhost%3A9005&scope=read%3Auser%20repo%20public_repo
[info] 
[info] Waiting for authentication...
[debug] [2021-07-20T18:31:36.170Z] >>> HTTP REQUEST POST https://github.com/login/oauth/access_token  
 {"client_id":"89cf50f02ac6aaed3484","client_secret":"3330d14abc895d9a74d5f17cd7a00711fa2c5bf0","code":"3659285528f49bcd0d9d","redirect_uri":"http://localhost:9005","state":"798209464"}
[debug] [2021-07-20T18:31:36.588Z] <<< HTTP RESPONSE 200 {"server":"GitHub.com","date":"Tue, 20 Jul 2021 18:31:36 GMT","content-type":"application/json; charset=utf-8","transfer-encoding":"chunked","vary":"X-PJAX, Accept-Encoding, Accept, X-Requested-With","permissions-policy":"interest-cohort=()","etag":"W/\"8f5a2c5e333455a0dbd37e04b3a2c01c\"","cache-control":"max-age=0, private, must-revalidate","strict-transport-security":"max-age=31536000; includeSubdomains; preload","x-frame-options":"deny","x-content-type-options":"nosniff","x-xss-protection":"0","referrer-policy":"origin-when-cross-origin, strict-origin-when-cross-origin","expect-ct":"max-age=2592000, report-uri=\"https://api.github.com/_private/browser/errors\"","content-security-policy":"default-src 'none'; base-uri 'self'; block-all-mixed-content; connect-src 'self' uploads.github.com www.githubstatus.com collector.githubapp.com api.github.com github-cloud.s3.amazonaws.com github-production-repository-file-5c1aeb.s3.amazonaws.com github-production-upload-manifest-file-7fdce7.s3.amazonaws.com github-production-user-asset-6210df.s3.amazonaws.com cdn.optimizely.com logx.optimizely.com/v1/events translator.github.com wss://alive.github.com; font-src github.githubassets.com; form-action 'self' github.com gist.github.com; frame-ancestors 'none'; frame-src render.githubusercontent.com render-temp.githubusercontent.com viewscreen.githubusercontent.com; img-src 'self' data: github.githubassets.com identicons.github.com collector.githubapp.com github-cloud.s3.amazonaws.com secured-user-images.githubusercontent.com/ *.githubusercontent.com; manifest-src 'self'; media-src 'none'; script-src github.githubassets.com; style-src 'unsafe-inline' github.githubassets.com; worker-src github.com/socket-worker-3f088aa2.js gist.github.com/socket-worker-3f088aa2.js","x-github-request-id":"7F0F:7CC9:B0F5A:C03AE:60F71688"}
[debug] [2021-07-20T18:31:36.594Z] >>> [apiv2][query] GET https://api.github.com/user [none]
[debug] [2021-07-20T18:31:37.000Z] <<< [apiv2][status] GET https://api.github.com/user 200
[debug] [2021-07-20T18:31:37.001Z] <<< [apiv2][body] GET https://api.github.com/user {"login":"shalindeval","id":39034879,"node_id":"MDQ6VXNlcjM5MDM0ODc5","avatar_url":"https://avatars.githubusercontent.com/u/39034879?v=4","gravatar_id":"","url":"https://api.github.com/users/shalindeval","html_url":"https://github.com/shalindeval","followers_url":"https://api.github.com/users/shalindeval/followers","following_url":"https://api.github.com/users/shalindeval/following{/other_user}","gists_url":"https://api.github.com/users/shalindeval/gists{/gist_id}","starred_url":"https://api.github.com/users/shalindeval/starred{/owner}{/repo}","subscriptions_url":"https://api.github.com/users/shalindeval/subscriptions","organizations_url":"https://api.github.com/users/shalindeval/orgs","repos_url":"https://api.github.com/users/shalindeval/repos","events_url":"https://api.github.com/users/shalindeval/events{/privacy}","received_events_url":"https://api.github.com/users/shalindeval/received_events","type":"User","site_admin":false,"name":null,"company":null,"blog":"","location":null,"email":null,"hireable":null,"bio":null,"twitter_username":null,"public_repos":10,"public_gists":0,"followers":0,"following":0,"created_at":"2018-05-06T19:56:32Z","updated_at":"2021-07-20T18:31:31Z","private_gists":0,"total_private_repos":3,"owned_private_repos":3,"disk_usage":18283,"collaborators":1,"two_factor_authentication":false,"plan":{"name":"free","space":976562499,"collaborators":0,"private_repos":10000}}
[info] 
[info] ✔  Success! Logged into GitHub as shalindeval 
[info] 
